mktextfm ecrm1200
mktextfm pncro8t
mktextfm ecrm1200
mktextfm pncro8t
mktextfm ecrm1200
mktextfm pncro8t
mktextfm phvr7t
mktextfm phvro7t
mktextfm nullfont
mktextfm phvbo7t
mktextfm nullfont
mktextfm nullfont
mktextfm phvbo7t
mktextfm nullfont
mktextfm nullfont
mktextfm phvro7t
mktextfm nullfont
mktextfm phvb7t
mktextfm nullfont
mktextfm phvb7t
mktextfm nullfont
mktextfm phvr7t
mktextfm phvr7t
mktextfm phvr7t
mktextfm phvb7t
mktextfm phvb7t
mktextfm nullfont
mktextfm phvr7t
mktextfm phvb7t
mktextfm nullfont
mktextfm phvbo7t
mktextfm nullfont
mktextfm nullfont
